{
  "numFailedTestSuites": 1,
  "numFailedTests": 0,
  "numPassedTestSuites": 5,
  "numPassedTests": 13,
  "numPendingTestSuites": 0,
  "numPendingTests": 0,
  "numRuntimeErrorTestSuites": 1,
  "numTodoTests": 0,
  "numTotalTestSuites": 6,
  "numTotalTests": 13,
  "openHandles": [],
  "snapshot": {
    "added": 0,
    "didUpdate": false,
    "failure": false,
    "filesAdded": 0,
    "filesRemoved": 0,
    "filesRemovedList": [],
    "filesUnmatched": 0,
    "filesUpdated": 0,
    "matched": 0,
    "total": 0,
    "unchecked": 0,
    "uncheckedKeysByFile": [],
    "unmatched": 0,
    "updated": 0
  },
  "startTime": 1628689140106,
  "success": false,
  "testResults": [
    {
      "leaks": false,
      "numFailingTests": 0,
      "numPassingTests": 3,
      "numPendingTests": 0,
      "numTodoTests": 0,
      "openHandles": [],
      "perfStats": {
        "end": 1628689167110,
        "runtime": 26145,
        "slow": true,
        "start": 1628689140965
      },
      "skipped": false,
      "snapshot": {
        "added": 0,
        "fileDeleted": false,
        "matched": 0,
        "unchecked": 0,
        "uncheckedKeys": [],
        "unmatched": 0,
        "updated": 0
      },
      "testFilePath": "C:\\Users\\malabsi\\Desktop\\Maha\\Assignments\\ProductShop\\backend\\api\\products\\__tests__\\getProducts.test.js",
      "testResults": [
        {
          "ancestorTitles": [
            "getProducts Controller"
          ],
          "duration": 202,
          "failureDetails": [],
          "failureMessages": [],
          "fullName": "getProducts Controller Should return 200 & return correct value",
          "invocations": 1,
          "location": null,
          "numPassingAsserts": 0,
          "status": "passed",
          "title": "Should return 200 & return correct value"
        },
        {
          "ancestorTitles": [
            "getProducts Controller"
          ],
          "duration": 4,
          "failureDetails": [],
          "failureMessages": [],
          "fullName": "getProducts Controller Should return message error if getProductsService errors",
          "invocations": 1,
          "location": null,
          "numPassingAsserts": 0,
          "status": "passed",
          "title": "Should return message error if getProductsService errors"
        },
        {
          "ancestorTitles": [
            "getProducts Controller"
          ],
          "duration": 9,
          "failureDetails": [],
          "failureMessages": [],
          "fullName": "getProducts Controller Should return message error if keyword&page&limit errors",
          "invocations": 1,
          "location": null,
          "numPassingAsserts": 0,
          "status": "passed",
          "title": "Should return message error if keyword&page&limit errors"
        }
      ],
      "failureMessage": null
    },
    {
      "leaks": false,
      "numFailingTests": 0,
      "numPassingTests": 5,
      "numPendingTests": 0,
      "numTodoTests": 0,
      "openHandles": [],
      "perfStats": {
        "end": 1628689175980,
        "runtime": 8547,
        "slow": true,
        "start": 1628689167433
      },
      "skipped": false,
      "snapshot": {
        "added": 0,
        "fileDeleted": false,
        "matched": 0,
        "unchecked": 0,
        "uncheckedKeys": [],
        "unmatched": 0,
        "updated": 0
      },
      "testFilePath": "C:\\Users\\malabsi\\Desktop\\Maha\\Assignments\\ProductShop\\backend\\models\\__tests__\\productModel.test.js",
      "testResults": [
        {
          "ancestorTitles": [
            "Product Model"
          ],
          "duration": 230,
          "failureDetails": [],
          "failureMessages": [],
          "fullName": "Product Model has the mentioned attributes attributes",
          "invocations": 1,
          "location": null,
          "numPassingAsserts": 0,
          "status": "passed",
          "title": "has the mentioned attributes attributes"
        },
        {
          "ancestorTitles": [
            "Product Model"
          ],
          "duration": 161,
          "failureDetails": [],
          "failureMessages": [],
          "fullName": "Product Model check if the productModel is defined",
          "invocations": 1,
          "location": null,
          "numPassingAsserts": 0,
          "status": "passed",
          "title": "check if the productModel is defined"
        },
        {
          "ancestorTitles": [
            "Product Model"
          ],
          "duration": 610,
          "failureDetails": [],
          "failureMessages": [],
          "fullName": "Product Model get a product",
          "invocations": 1,
          "location": null,
          "numPassingAsserts": 0,
          "status": "passed",
          "title": "get a product"
        },
        {
          "ancestorTitles": [
            "Product Model"
          ],
          "duration": 347,
          "failureDetails": [],
          "failureMessages": [],
          "fullName": "Product Model save a product",
          "invocations": 1,
          "location": null,
          "numPassingAsserts": 0,
          "status": "passed",
          "title": "save a product"
        },
        {
          "ancestorTitles": [
            "Product Model"
          ],
          "duration": 562,
          "failureDetails": [],
          "failureMessages": [],
          "fullName": "Product Model update a product",
          "invocations": 1,
          "location": null,
          "numPassingAsserts": 0,
          "status": "passed",
          "title": "update a product"
        }
      ],
      "failureMessage": null
    },
    {
      "leaks": false,
      "numFailingTests": 0,
      "numPassingTests": 1,
      "numPendingTests": 0,
      "numTodoTests": 0,
      "openHandles": [],
      "perfStats": {
        "end": 1628689180164,
        "runtime": 3928,
        "slow": false,
        "start": 1628689176236
      },
      "skipped": false,
      "snapshot": {
        "added": 0,
        "fileDeleted": false,
        "matched": 0,
        "unchecked": 0,
        "uncheckedKeys": [],
        "unmatched": 0,
        "updated": 0
      },
      "testFilePath": "C:\\Users\\malabsi\\Desktop\\Maha\\Assignments\\ProductShop\\backend\\api\\products\\__tests__\\app.test.js",
      "testResults": [
        {
          "ancestorTitles": [
            "Test the root path"
          ],
          "duration": 104,
          "failureDetails": [],
          "failureMessages": [],
          "fullName": "Test the root path It should response the GET method",
          "invocations": 1,
          "location": null,
          "numPassingAsserts": 0,
          "status": "passed",
          "title": "It should response the GET method"
        }
      ],
      "failureMessage": null
    },
    {
      "leaks": false,
      "numFailingTests": 0,
      "numPassingTests": 1,
      "numPendingTests": 0,
      "numTodoTests": 0,
      "openHandles": [],
      "perfStats": {
        "end": 1628689182482,
        "runtime": 2121,
        "slow": false,
        "start": 1628689180361
      },
      "skipped": false,
      "snapshot": {
        "added": 0,
        "fileDeleted": false,
        "matched": 0,
        "unchecked": 0,
        "uncheckedKeys": [],
        "unmatched": 0,
        "updated": 0
      },
      "testFilePath": "C:\\Users\\malabsi\\Desktop\\Maha\\Assignments\\ProductShop\\backend\\api\\products\\__tests__\\productService.getPro.test.js",
      "testResults": [
        {
          "ancestorTitles": [
            "getProducts Service "
          ],
          "duration": 12,
          "failureDetails": [],
          "failureMessages": [],
          "fullName": "getProducts Service  Should return correct value",
          "invocations": 1,
          "location": null,
          "numPassingAsserts": 0,
          "status": "passed",
          "title": "Should return correct value"
        }
      ],
      "failureMessage": null
    },
    {
      "leaks": false,
      "numFailingTests": 0,
      "numPassingTests": 3,
      "numPendingTests": 0,
      "numTodoTests": 0,
      "openHandles": [],
      "perfStats": {
        "end": 1628689184083,
        "runtime": 1376,
        "slow": false,
        "start": 1628689182707
      },
      "skipped": false,
      "snapshot": {
        "added": 0,
        "fileDeleted": false,
        "matched": 0,
        "unchecked": 0,
        "uncheckedKeys": [],
        "unmatched": 0,
        "updated": 0
      },
      "testFilePath": "C:\\Users\\malabsi\\Desktop\\Maha\\Assignments\\ProductShop\\backend\\api\\products\\__tests__\\getProduct.test.js",
      "testResults": [
        {
          "ancestorTitles": [
            "getProduct Controller"
          ],
          "duration": 12,
          "failureDetails": [],
          "failureMessages": [],
          "fullName": "getProduct Controller Should return 200 & return correct value",
          "invocations": 1,
          "location": null,
          "numPassingAsserts": 0,
          "status": "passed",
          "title": "Should return 200 & return correct value"
        },
        {
          "ancestorTitles": [
            "getProduct Controller"
          ],
          "duration": 11,
          "failureDetails": [],
          "failureMessages": [],
          "fullName": "getProduct Controller Should return message error if ProductModel.findById errors",
          "invocations": 1,
          "location": null,
          "numPassingAsserts": 0,
          "status": "passed",
          "title": "Should return message error if ProductModel.findById errors"
        },
        {
          "ancestorTitles": [
            "getProduct Controller"
          ],
          "duration": 7,
          "failureDetails": [],
          "failureMessages": [],
          "fullName": "getProduct Controller Should return 404 if the id = null",
          "invocations": 1,
          "location": null,
          "numPassingAsserts": 0,
          "status": "passed",
          "title": "Should return 404 if the id = null"
        }
      ],
      "failureMessage": null
    },
    {
      "failureMessage": "  \u001b[1m● \u001b[22mTest suite failed to run\n\n    \u001b[1m\u001b[31mJest encountered an unexpected token\u001b[39m\u001b[22m\n\n    Jest failed to parse a file. This happens e.g. when your code or its dependencies use non-standard JavaScript syntax, or when Jest is not configured to support such syntax.\n\n    Out of the box Jest supports Babel, which will be used to transform your files into valid JS based on your Babel configuration.\n\n    By default \"node_modules\" folder is ignored by transformers.\n\n    Here's what you can do:\n     • If you are trying to use ECMAScript Modules, see \u001b[4mhttps://jestjs.io/docs/ecmascript-modules\u001b[24m for how to enable it.\n     • To have some of your \"node_modules\" files transformed, you can specify a custom \u001b[1m\"transformIgnorePatterns\"\u001b[22m in your config.\n     • If you need a custom transformation specify a \u001b[1m\"transform\"\u001b[22m option in your config.\n     • If you simply want to mock your non-JS modules (e.g. binary assets) you can stub them out with the \u001b[1m\"moduleNameMapper\"\u001b[22m config option.\n\n    You'll find more details and examples of these config options in the docs:\n    \u001b[36mhttps://jestjs.io/docs/configuration\u001b[39m\n    For information about custom transformations, see:\n    \u001b[36mhttps://jestjs.io/docs/code-transformation\u001b[39m\n\n    \u001b[1m\u001b[31mDetails:\u001b[39m\u001b[22m\n\n    C:\\Users\\malabsi\\Desktop\\Maha\\Assignments\\ProductShop\\frontend\\src\\services\\__tests__\\fetchProducts.js:1\n    ({\"Object.<anonymous>\":function(module,exports,require,__dirname,__filename,jest){import { assert } from 'assert';\n                                                                                      ^^^^^^\n\n    SyntaxError: Cannot use import statement outside a module\n\n      \u001b[2mat Runtime.createScriptFromCode (\u001b[22mnode_modules/jest-runtime/build/index.js\u001b[2m:1479:14)\u001b[22m\n      \u001b[2mat TestScheduler.scheduleTests (\u001b[22mnode_modules/@jest/core/build/TestScheduler.js\u001b[2m:333:13)\u001b[22m\n",
      "leaks": false,
      "numFailingTests": 0,
      "numPassingTests": 0,
      "numPendingTests": 0,
      "numTodoTests": 0,
      "openHandles": [],
      "perfStats": {
        "end": 0,
        "runtime": 0,
        "slow": false,
        "start": 0
      },
      "skipped": false,
      "snapshot": {
        "added": 0,
        "fileDeleted": false,
        "matched": 0,
        "unchecked": 0,
        "uncheckedKeys": [],
        "unmatched": 0,
        "updated": 0
      },
      "testExecError": {},
      "testFilePath": "C:\\Users\\malabsi\\Desktop\\Maha\\Assignments\\ProductShop\\frontend\\src\\services\\__tests__\\fetchProducts.js",
      "testResults": []
    }
  ],
  "wasInterrupted": false,
  "coverageMap": {
    "C:\\Users\\malabsi\\Desktop\\Maha\\Assignments\\ProductShop\\backend\\utils\\logger.js": {
      "path": "C:\\Users\\malabsi\\Desktop\\Maha\\Assignments\\ProductShop\\backend\\utils\\logger.js",
      "statementMap": {
        "0": {
          "start": {
            "line": 2,
            "column": 19
          },
          "end": {
            "line": 2,
            "column": 26
          }
        },
        "1": {
          "start": {
            "line": 4,
            "column": 15
          },
          "end": {
            "line": 25,
            "column": 2
          }
        }
      },
      "fnMap": {},
      "branchMap": {},
      "s": {
        "0": 6,
        "1": 6
      },
      "f": {},
      "b": {},
      "_coverageSchema": "1a1c01bbd47fc00a2c39e90264f33305004495a9",
      "hash": "85392caea3d6d9cfff06ae98c1996b78ad8092a5"
    },
    "C:\\Users\\malabsi\\Desktop\\Maha\\Assignments\\ProductShop\\backend\\models\\productModel.js": {
      "path": "C:\\Users\\malabsi\\Desktop\\Maha\\Assignments\\ProductShop\\backend\\models\\productModel.js",
      "statementMap": {
        "0": {
          "start": {
            "line": 3,
            "column": 19
          },
          "end": {
            "line": 37,
            "column": 1
          }
        },
        "1": {
          "start": {
            "line": 39,
            "column": 21
          },
          "end": {
            "line": 39,
            "column": 58
          }
        }
      },
      "fnMap": {},
      "branchMap": {},
      "s": {
        "0": 5,
        "1": 5
      },
      "f": {},
      "b": {},
      "_coverageSchema": "1a1c01bbd47fc00a2c39e90264f33305004495a9",
      "hash": "06e2b3b5a838a593327c3fc487882f7f2e770e50"
    },
    "C:\\Users\\malabsi\\Desktop\\Maha\\Assignments\\ProductShop\\backend\\services\\productService.getProducts.js": {
      "path": "C:\\Users\\malabsi\\Desktop\\Maha\\Assignments\\ProductShop\\backend\\services\\productService.getProducts.js",
      "statementMap": {
        "0": {
          "start": {
            "line": 4,
            "column": 27
          },
          "end": {
            "line": 23,
            "column": 1
          }
        },
        "1": {
          "start": {
            "line": 5,
            "column": 2
          },
          "end": {
            "line": 22,
            "column": 3
          }
        },
        "2": {
          "start": {
            "line": 6,
            "column": 4
          },
          "end": {
            "line": 6,
            "column": 44
          }
        },
        "3": {
          "start": {
            "line": 7,
            "column": 17
          },
          "end": {
            "line": 7,
            "column": 38
          }
        },
        "4": {
          "start": {
            "line": 9,
            "column": 23
          },
          "end": {
            "line": 9,
            "column": 72
          }
        },
        "5": {
          "start": {
            "line": 11,
            "column": 23
          },
          "end": {
            "line": 11,
            "column": 55
          }
        },
        "6": {
          "start": {
            "line": 12,
            "column": 21
          },
          "end": {
            "line": 12,
            "column": 80
          }
        },
        "7": {
          "start": {
            "line": 14,
            "column": 24
          },
          "end": {
            "line": 18,
            "column": 5
          }
        },
        "8": {
          "start": {
            "line": 19,
            "column": 4
          },
          "end": {
            "line": 19,
            "column": 23
          }
        },
        "9": {
          "start": {
            "line": 21,
            "column": 4
          },
          "end": {
            "line": 21,
            "column": 44
          }
        }
      },
      "fnMap": {
        "0": {
          "name": "(anonymous_0)",
          "decl": {
            "start": {
              "line": 4,
              "column": 27
            },
            "end": {
              "line": 4,
              "column": 28
            }
          },
          "loc": {
            "start": {
              "line": 4,
              "column": 62
            },
            "end": {
              "line": 23,
              "column": 1
            }
          },
          "line": 4
        }
      },
      "branchMap": {},
      "s": {
        "0": 3,
        "1": 1,
        "2": 1,
        "3": 1,
        "4": 1,
        "5": 1,
        "6": 1,
        "7": 1,
        "8": 1,
        "9": 0
      },
      "f": {
        "0": 1
      },
      "b": {},
      "_coverageSchema": "1a1c01bbd47fc00a2c39e90264f33305004495a9",
      "hash": "91fb1fe8ab84a64adc63cb72da4d0227ba181c4b"
    },
    "C:\\Users\\malabsi\\Desktop\\Maha\\Assignments\\ProductShop\\backend\\api\\products\\getProducts.js": {
      "path": "C:\\Users\\malabsi\\Desktop\\Maha\\Assignments\\ProductShop\\backend\\api\\products\\getProducts.js",
      "statementMap": {
        "0": {
          "start": {
            "line": 4,
            "column": 20
          },
          "end": {
            "line": 41,
            "column": 1
          }
        },
        "1": {
          "start": {
            "line": 5,
            "column": 2
          },
          "end": {
            "line": 40,
            "column": 3
          }
        },
        "2": {
          "start": {
            "line": 6,
            "column": 4
          },
          "end": {
            "line": 6,
            "column": 46
          }
        },
        "3": {
          "start": {
            "line": 7,
            "column": 4
          },
          "end": {
            "line": 9,
            "column": 5
          }
        },
        "4": {
          "start": {
            "line": 8,
            "column": 6
          },
          "end": {
            "line": 8,
            "column": 89
          }
        },
        "5": {
          "start": {
            "line": 10,
            "column": 20
          },
          "end": {
            "line": 17,
            "column": 10
          }
        },
        "6": {
          "start": {
            "line": 18,
            "column": 17
          },
          "end": {
            "line": 18,
            "column": 46
          }
        },
        "7": {
          "start": {
            "line": 19,
            "column": 21
          },
          "end": {
            "line": 19,
            "column": 51
          }
        },
        "8": {
          "start": {
            "line": 21,
            "column": 25
          },
          "end": {
            "line": 23,
            "column": 6
          }
        },
        "9": {
          "start": {
            "line": 26,
            "column": 4
          },
          "end": {
            "line": 28,
            "column": 5
          }
        },
        "10": {
          "start": {
            "line": 27,
            "column": 6
          },
          "end": {
            "line": 27,
            "column": 103
          }
        },
        "11": {
          "start": {
            "line": 30,
            "column": 4
          },
          "end": {
            "line": 37,
            "column": 7
          }
        },
        "12": {
          "start": {
            "line": 39,
            "column": 4
          },
          "end": {
            "line": 39,
            "column": 44
          }
        }
      },
      "fnMap": {
        "0": {
          "name": "(anonymous_0)",
          "decl": {
            "start": {
              "line": 4,
              "column": 20
            },
            "end": {
              "line": 4,
              "column": 21
            }
          },
          "loc": {
            "start": {
              "line": 4,
              "column": 40
            },
            "end": {
              "line": 41,
              "column": 1
            }
          },
          "line": 4
        }
      },
      "branchMap": {
        "0": {
          "loc": {
            "start": {
              "line": 7,
              "column": 4
            },
            "end": {
              "line": 9,
              "column": 5
            }
          },
          "type": "if",
          "locations": [
            {
              "start": {
                "line": 7,
                "column": 4
              },
              "end": {
                "line": 9,
                "column": 5
              }
            },
            {
              "start": {
                "line": 7,
                "column": 4
              },
              "end": {
                "line": 9,
                "column": 5
              }
            }
          ],
          "line": 7
        },
        "1": {
          "loc": {
            "start": {
              "line": 7,
              "column": 7
            },
            "end": {
              "line": 7,
              "column": 63
            }
          },
          "type": "binary-expr",
          "locations": [
            {
              "start": {
                "line": 7,
                "column": 7
              },
              "end": {
                "line": 7,
                "column": 25
              }
            },
            {
              "start": {
                "line": 7,
                "column": 27
              },
              "end": {
                "line": 7,
                "column": 42
              }
            },
            {
              "start": {
                "line": 7,
                "column": 44
              },
              "end": {
                "line": 7,
                "column": 63
              }
            }
          ],
          "line": 7
        },
        "2": {
          "loc": {
            "start": {
              "line": 10,
              "column": 20
            },
            "end": {
              "line": 17,
              "column": 10
            }
          },
          "type": "cond-expr",
          "locations": [
            {
              "start": {
                "line": 11,
                "column": 8
              },
              "end": {
                "line": 16,
                "column": 9
              }
            },
            {
              "start": {
                "line": 17,
                "column": 8
              },
              "end": {
                "line": 17,
                "column": 10
              }
            }
          ],
          "line": 10
        },
        "3": {
          "loc": {
            "start": {
              "line": 18,
              "column": 26
            },
            "end": {
              "line": 18,
              "column": 45
            }
          },
          "type": "binary-expr",
          "locations": [
            {
              "start": {
                "line": 18,
                "column": 26
              },
              "end": {
                "line": 18,
                "column": 40
              }
            },
            {
              "start": {
                "line": 18,
                "column": 44
              },
              "end": {
                "line": 18,
                "column": 45
              }
            }
          ],
          "line": 18
        },
        "4": {
          "loc": {
            "start": {
              "line": 19,
              "column": 30
            },
            "end": {
              "line": 19,
              "column": 50
            }
          },
          "type": "binary-expr",
          "locations": [
            {
              "start": {
                "line": 19,
                "column": 30
              },
              "end": {
                "line": 19,
                "column": 45
              }
            },
            {
              "start": {
                "line": 19,
                "column": 49
              },
              "end": {
                "line": 19,
                "column": 50
              }
            }
          ],
          "line": 19
        },
        "5": {
          "loc": {
            "start": {
              "line": 26,
              "column": 4
            },
            "end": {
              "line": 28,
              "column": 5
            }
          },
          "type": "if",
          "locations": [
            {
              "start": {
                "line": 26,
                "column": 4
              },
              "end": {
                "line": 28,
                "column": 5
              }
            },
            {
              "start": {
                "line": 26,
                "column": 4
              },
              "end": {
                "line": 28,
                "column": 5
              }
            }
          ],
          "line": 26
        }
      },
      "s": {
        "0": 2,
        "1": 3,
        "2": 3,
        "3": 3,
        "4": 3,
        "5": 3,
        "6": 3,
        "7": 3,
        "8": 3,
        "9": 3,
        "10": 2,
        "11": 1,
        "12": 0
      },
      "f": {
        "0": 3
      },
      "b": {
        "0": [
          3,
          0
        ],
        "1": [
          3,
          2,
          2
        ],
        "2": [
          2,
          1
        ],
        "3": [
          3,
          1
        ],
        "4": [
          3,
          1
        ],
        "5": [
          2,
          1
        ]
      },
      "_coverageSchema": "1a1c01bbd47fc00a2c39e90264f33305004495a9",
      "hash": "7c6e8989810f2dccb56b01148a82bfc8abf43b1b"
    },
    "C:\\Users\\malabsi\\Desktop\\Maha\\Assignments\\ProductShop\\backend\\fecther\\mockServices.js": {
      "path": "C:\\Users\\malabsi\\Desktop\\Maha\\Assignments\\ProductShop\\backend\\fecther\\mockServices.js",
      "statementMap": {
        "0": {
          "start": {
            "line": 1,
            "column": 20
          },
          "end": {
            "line": 51,
            "column": 1
          }
        }
      },
      "fnMap": {},
      "branchMap": {},
      "s": {
        "0": 2
      },
      "f": {},
      "b": {},
      "_coverageSchema": "1a1c01bbd47fc00a2c39e90264f33305004495a9",
      "hash": "2d4451cdaa5ba554a8da6e5cbf3e3bc9f745cc1a"
    },
    "C:\\Users\\malabsi\\Desktop\\Maha\\Assignments\\ProductShop\\backend\\fecther\\mockProducts.js": {
      "path": "C:\\Users\\malabsi\\Desktop\\Maha\\Assignments\\ProductShop\\backend\\fecther\\mockProducts.js",
      "statementMap": {
        "0": {
          "start": {
            "line": 1,
            "column": 21
          },
          "end": {
            "line": 54,
            "column": 1
          }
        }
      },
      "fnMap": {},
      "branchMap": {},
      "s": {
        "0": 1
      },
      "f": {},
      "b": {},
      "_coverageSchema": "1a1c01bbd47fc00a2c39e90264f33305004495a9",
      "hash": "2db59ab2428468864b8319afa1f6bf4924ffd643"
    },
    "C:\\Users\\malabsi\\Desktop\\Maha\\Assignments\\ProductShop\\backend\\config\\index.js": {
      "path": "C:\\Users\\malabsi\\Desktop\\Maha\\Assignments\\ProductShop\\backend\\config\\index.js",
      "statementMap": {
        "0": {
          "start": {
            "line": 2,
            "column": 0
          },
          "end": {
            "line": 2,
            "column": 16
          }
        },
        "1": {
          "start": {
            "line": 4,
            "column": 15
          },
          "end": {
            "line": 9,
            "column": 1
          }
        }
      },
      "fnMap": {},
      "branchMap": {},
      "s": {
        "0": 1,
        "1": 1
      },
      "f": {},
      "b": {},
      "_coverageSchema": "1a1c01bbd47fc00a2c39e90264f33305004495a9",
      "hash": "cef36258147beb75f41fe68a6f0f07e50deab8d6"
    },
    "C:\\Users\\malabsi\\Desktop\\Maha\\Assignments\\ProductShop\\backend\\config\\db.js": {
      "path": "C:\\Users\\malabsi\\Desktop\\Maha\\Assignments\\ProductShop\\backend\\config\\db.js",
      "statementMap": {
        "0": {
          "start": {
            "line": 5,
            "column": 11
          },
          "end": {
            "line": 5,
            "column": 26
          }
        },
        "1": {
          "start": {
            "line": 7,
            "column": 18
          },
          "end": {
            "line": 18,
            "column": 1
          }
        },
        "2": {
          "start": {
            "line": 8,
            "column": 2
          },
          "end": {
            "line": 17,
            "column": 3
          }
        },
        "3": {
          "start": {
            "line": 9,
            "column": 17
          },
          "end": {
            "line": 13,
            "column": 6
          }
        },
        "4": {
          "start": {
            "line": 14,
            "column": 4
          },
          "end": {
            "line": 14,
            "column": 77
          }
        },
        "5": {
          "start": {
            "line": 16,
            "column": 4
          },
          "end": {
            "line": 16,
            "column": 63
          }
        }
      },
      "fnMap": {
        "0": {
          "name": "(anonymous_0)",
          "decl": {
            "start": {
              "line": 7,
              "column": 18
            },
            "end": {
              "line": 7,
              "column": 19
            }
          },
          "loc": {
            "start": {
              "line": 7,
              "column": 30
            },
            "end": {
              "line": 18,
              "column": 1
            }
          },
          "line": 7
        }
      },
      "branchMap": {},
      "s": {
        "0": 1,
        "1": 1,
        "2": 1,
        "3": 1,
        "4": 1,
        "5": 0
      },
      "f": {
        "0": 1
      },
      "b": {},
      "_coverageSchema": "1a1c01bbd47fc00a2c39e90264f33305004495a9",
      "hash": "387865bd9097c77a387db3c7956740cfb2efad24"
    },
    "C:\\Users\\malabsi\\Desktop\\Maha\\Assignments\\ProductShop\\backend\\api\\products\\getProduct.js": {
      "path": "C:\\Users\\malabsi\\Desktop\\Maha\\Assignments\\ProductShop\\backend\\api\\products\\getProduct.js",
      "statementMap": {
        "0": {
          "start": {
            "line": 4,
            "column": 19
          },
          "end": {
            "line": 19,
            "column": 1
          }
        },
        "1": {
          "start": {
            "line": 5,
            "column": 2
          },
          "end": {
            "line": 18,
            "column": 3
          }
        },
        "2": {
          "start": {
            "line": 6,
            "column": 4
          },
          "end": {
            "line": 6,
            "column": 39
          }
        },
        "3": {
          "start": {
            "line": 7,
            "column": 4
          },
          "end": {
            "line": 9,
            "column": 5
          }
        },
        "4": {
          "start": {
            "line": 8,
            "column": 6
          },
          "end": {
            "line": 8,
            "column": 60
          }
        },
        "5": {
          "start": {
            "line": 10,
            "column": 20
          },
          "end": {
            "line": 10,
            "column": 62
          }
        },
        "6": {
          "start": {
            "line": 11,
            "column": 4
          },
          "end": {
            "line": 13,
            "column": 5
          }
        },
        "7": {
          "start": {
            "line": 12,
            "column": 6
          },
          "end": {
            "line": 12,
            "column": 99
          }
        },
        "8": {
          "start": {
            "line": 14,
            "column": 4
          },
          "end": {
            "line": 14,
            "column": 34
          }
        },
        "9": {
          "start": {
            "line": 15,
            "column": 4
          },
          "end": {
            "line": 15,
            "column": 19
          }
        },
        "10": {
          "start": {
            "line": 17,
            "column": 4
          },
          "end": {
            "line": 17,
            "column": 44
          }
        }
      },
      "fnMap": {
        "0": {
          "name": "(anonymous_0)",
          "decl": {
            "start": {
              "line": 4,
              "column": 19
            },
            "end": {
              "line": 4,
              "column": 20
            }
          },
          "loc": {
            "start": {
              "line": 4,
              "column": 39
            },
            "end": {
              "line": 19,
              "column": 1
            }
          },
          "line": 4
        }
      },
      "branchMap": {
        "0": {
          "loc": {
            "start": {
              "line": 7,
              "column": 4
            },
            "end": {
              "line": 9,
              "column": 5
            }
          },
          "type": "if",
          "locations": [
            {
              "start": {
                "line": 7,
                "column": 4
              },
              "end": {
                "line": 9,
                "column": 5
              }
            },
            {
              "start": {
                "line": 7,
                "column": 4
              },
              "end": {
                "line": 9,
                "column": 5
              }
            }
          ],
          "line": 7
        },
        "1": {
          "loc": {
            "start": {
              "line": 11,
              "column": 4
            },
            "end": {
              "line": 13,
              "column": 5
            }
          },
          "type": "if",
          "locations": [
            {
              "start": {
                "line": 11,
                "column": 4
              },
              "end": {
                "line": 13,
                "column": 5
              }
            },
            {
              "start": {
                "line": 11,
                "column": 4
              },
              "end": {
                "line": 13,
                "column": 5
              }
            }
          ],
          "line": 11
        }
      },
      "s": {
        "0": 2,
        "1": 3,
        "2": 3,
        "3": 3,
        "4": 1,
        "5": 2,
        "6": 2,
        "7": 1,
        "8": 1,
        "9": 1,
        "10": 0
      },
      "f": {
        "0": 3
      },
      "b": {
        "0": [
          1,
          2
        ],
        "1": [
          1,
          1
        ]
      },
      "_coverageSchema": "1a1c01bbd47fc00a2c39e90264f33305004495a9",
      "hash": "ffde8d5e53380387be7084946b414cc5b401ba1f"
    },
    "C:\\Users\\malabsi\\Desktop\\Maha\\Assignments\\ProductShop\\backend\\api\\products\\validations.js": {
      "path": "C:\\Users\\malabsi\\Desktop\\Maha\\Assignments\\ProductShop\\backend\\api\\products\\validations.js",
      "statementMap": {
        "0": {
          "start": {
            "line": 4,
            "column": 22
          },
          "end": {
            "line": 4,
            "column": 38
          }
        },
        "1": {
          "start": {
            "line": 6,
            "column": 20
          },
          "end": {
            "line": 19,
            "column": 1
          }
        }
      },
      "fnMap": {},
      "branchMap": {},
      "s": {
        "0": 1,
        "1": 1
      },
      "f": {},
      "b": {},
      "_coverageSchema": "1a1c01bbd47fc00a2c39e90264f33305004495a9",
      "hash": "95ad8dd982588e6344c0de6f14a0eccfc6219042"
    },
    "C:\\Users\\malabsi\\Desktop\\Maha\\Assignments\\ProductShop\\backend\\app.js": {
      "path": "C:\\Users\\malabsi\\Desktop\\Maha\\Assignments\\ProductShop\\backend\\app.js",
      "statementMap": {
        "0": {
          "start": {
            "line": 10,
            "column": 12
          },
          "end": {
            "line": 10,
            "column": 21
          }
        },
        "1": {
          "start": {
            "line": 11,
            "column": 0
          },
          "end": {
            "line": 11,
            "column": 16
          }
        },
        "2": {
          "start": {
            "line": 14,
            "column": 0
          },
          "end": {
            "line": 16,
            "column": 5
          }
        },
        "3": {
          "start": {
            "line": 15,
            "column": 4
          },
          "end": {
            "line": 15,
            "column": 36
          }
        },
        "4": {
          "start": {
            "line": 25,
            "column": 2
          },
          "end": {
            "line": 25,
            "column": 65
          }
        },
        "5": {
          "start": {
            "line": 32,
            "column": 0
          },
          "end": {
            "line": 32,
            "column": 65
          }
        }
      },
      "fnMap": {
        "0": {
          "name": "(anonymous_0)",
          "decl": {
            "start": {
              "line": 14,
              "column": 13
            },
            "end": {
              "line": 14,
              "column": 14
            }
          },
          "loc": {
            "start": {
              "line": 14,
              "column": 27
            },
            "end": {
              "line": 16,
              "column": 3
            }
          },
          "line": 14
        }
      },
      "branchMap": {},
      "s": {
        "0": 1,
        "1": 1,
        "2": 1,
        "3": 1,
        "4": 1,
        "5": 1
      },
      "f": {
        "0": 1
      },
      "b": {},
      "_coverageSchema": "1a1c01bbd47fc00a2c39e90264f33305004495a9",
      "hash": "3d66591ad0935cfc1d57ac523b2f564d59f99bdb"
    },
    "C:\\Users\\malabsi\\Desktop\\Maha\\Assignments\\ProductShop\\backend\\fecther\\serviceProducts.js": {
      "path": "C:\\Users\\malabsi\\Desktop\\Maha\\Assignments\\ProductShop\\backend\\fecther\\serviceProducts.js",
      "statementMap": {
        "0": {
          "start": {
            "line": 1,
            "column": 23
          },
          "end": {
            "line": 47,
            "column": 1
          }
        }
      },
      "fnMap": {},
      "branchMap": {},
      "s": {
        "0": 1
      },
      "f": {},
      "b": {},
      "_coverageSchema": "1a1c01bbd47fc00a2c39e90264f33305004495a9",
      "hash": "a7af293574f695fe7ba52f7abaade60f23142a4b"
    },
    "C:\\Users\\malabsi\\Desktop\\Maha\\Assignments\\ProductShop\\backend\\fecther\\mockProduct.js": {
      "path": "C:\\Users\\malabsi\\Desktop\\Maha\\Assignments\\ProductShop\\backend\\fecther\\mockProduct.js",
      "statementMap": {
        "0": {
          "start": {
            "line": 1,
            "column": 20
          },
          "end": {
            "line": 15,
            "column": 2
          }
        }
      },
      "fnMap": {},
      "branchMap": {},
      "s": {
        "0": 1
      },
      "f": {},
      "b": {},
      "_coverageSchema": "1a1c01bbd47fc00a2c39e90264f33305004495a9",
      "hash": "a16ac92cd1f075f44cf1f47f96174bb8a108978a"
    }
  }
}